  ImmConvertFunc.c
  LineToCodeFunc.c
C:\Users\יוחי שילה\Desktop\יוחי\תואר ראשון\סמסטר א'\מבנה המחשב\project\asm\asm\LineToCodeFunc.c(27,12): warning C4267: '=': conversion from 'size_t' to 'int', possible loss of data
C:\Users\יוחי שילה\Desktop\יוחי\תואר ראשון\סמסטר א'\מבנה המחשב\project\asm\asm\LineToCodeFunc.c(28,30): warning C4047: '==': 'int' differs in levels of indirection from 'char [2]'
C:\Users\יוחי שילה\Desktop\יוחי\תואר ראשון\סמסטר א'\מבנה המחשב\project\asm\asm\LineToCodeFunc.c(29,27): warning C4047: '=': 'char' differs in levels of indirection from 'char [2]'
C:\Users\יוחי שילה\Desktop\יוחי\תואר ראשון\סמסטר א'\מבנה המחשב\project\asm\asm\LineToCodeFunc.c(31,12): warning C4267: '=': conversion from 'size_t' to 'int', possible loss of data
C:\Users\יוחי שילה\Desktop\יוחי\תואר ראשון\סמסטר א'\מבנה המחשב\project\asm\asm\LineToCodeFunc.c(32,30): warning C4047: '==': 'int' differs in levels of indirection from 'char [2]'
C:\Users\יוחי שילה\Desktop\יוחי\תואר ראשון\סמסטר א'\מבנה המחשב\project\asm\asm\LineToCodeFunc.c(33,27): warning C4047: '=': 'char' differs in levels of indirection from 'char [2]'
  LinetoHexConvert.c
  OpcodeConvertFunc.c
  RegCodeConvertFunc.c
  asm.c
  firstPass.c
C:\Users\יוחי שילה\Desktop\יוחי\תואר ראשון\סמסטר א'\מבנה המחשב\project\asm\asm\firstPass.c(15,8): warning C4267: '=': conversion from 'size_t' to 'int', possible loss of data
C:\Users\יוחי שילה\Desktop\יוחי\תואר ראשון\סמסטר א'\מבנה המחשב\project\asm\asm\firstPass.c(21,8): warning C4267: '=': conversion from 'size_t' to 'int', possible loss of data
C:\Users\יוחי שילה\Desktop\יוחי\תואר ראשון\סמסטר א'\מבנה המחשב\project\asm\asm\firstPass.c(60,10): warning C4267: '=': conversion from 'size_t' to 'int', possible loss of data
  getWord.c
  initializers.c
  secondPass.c
C:\Users\יוחי שילה\Desktop\יוחי\תואר ראשון\סמסטר א'\מבנה המחשב\project\asm\asm\secondPass.c(32,22): warning C4047: 'function': 'char *' differs in levels of indirection from 'char (*)[9]'
C:\Users\יוחי שילה\Desktop\יוחי\תואר ראשון\סמסטר א'\מבנה המחשב\project\asm\asm\secondPass.c(32,10): warning C4024: 'strcpy': different types for formal and actual parameter 1
C:\Users\יוחי שילה\Desktop\יוחי\תואר ראשון\סמסטר א'\מבנה המחשב\project\asm\asm\secondPass.c(61,14): warning C4267: '=': conversion from 'size_t' to 'int', possible loss of data
C:\Users\יוחי שילה\Desktop\יוחי\תואר ראשון\סמסטר א'\מבנה המחשב\project\asm\asm\secondPass.c(90,43): warning C4047: '!=': 'int' differs in levels of indirection from 'void *'
C:\Users\יוחי שילה\Desktop\יוחי\תואר ראשון\סמסטר א'\מבנה המחשב\project\asm\asm\secondPass.c(128,33): warning C4047: '=': 'char' differs in levels of indirection from 'void *'
C:\Users\יוחי שילה\Desktop\יוחי\תואר ראשון\סמסטר א'\מבנה המחשב\project\asm\asm\secondPass.c(102,7): warning C4101: 'word_add': unreferenced local variable
C:\Users\יוחי שילה\Desktop\יוחי\תואר ראשון\סמסטר א'\מבנה המחשב\project\asm\asm\secondPass.c(103,7): warning C4101: 'word_value': unreferenced local variable
  Generating Code...
  asm.vcxproj -> C:\Users\יוחי שילה\Desktop\יוחי\תואר ראשון\סמסטר א'\מבנה המחשב\project\asm\asm\x64\Debug\asm.exe
